20150930-1530:processor: working directory processing/Screenshot_0000 doesn't exist, creating it
20150930-1530:processor: moving file input/Screenshot_0000.bmp to processing/Screenshot_0000
20150930-1530:processor: starting conversion for input/Screenshot_0000.bmp
20150930-1530:worker: resampling processing/Screenshot_0000/Screenshot_0000.bmp
20150930-1530:processor: working directory processing/Screenshot_0001 doesn't exist, creating it
20150930-1530:processor: moving file input/Screenshot_0001.bmp to processing/Screenshot_0001
20150930-1530:processor: starting conversion for input/Screenshot_0001.bmp
20150930-1530:worker: resampling processing/Screenshot_0001/Screenshot_0001.bmp
20150930-1530:processor: working directory processing/Screenshot_0002 doesn't exist, creating it
20150930-1530:processor: moving file input/Screenshot_0002.bmp to processing/Screenshot_0002
20150930-1530:processor: starting conversion for input/Screenshot_0002.bmp
20150930-1530:worker: resampling processing/Screenshot_0002/Screenshot_0002.bmp
20150930-1531:worker: sharpening processing/Screenshot_0001/Screenshot_0001.bmp
20150930-1531:worker: sharpening processing/Screenshot_0002/Screenshot_0002.bmp
20150930-1531:worker: sharpening processing/Screenshot_0000/Screenshot_0000.bmp
20150930-1531:worker: negating processing/Screenshot_0002/Screenshot_0002.bmp
20150930-1531:worker: negating processing/Screenshot_0000/Screenshot_0000.bmp
20150930-1531:worker: threshold processing/Screenshot_0002/Screenshot_0002.bmp
20150930-1531:worker: negating processing/Screenshot_0001/Screenshot_0001.bmp
20150930-1531:worker: threshold processing/Screenshot_0000/Screenshot_0000.bmp
20150930-1531:worker: threshold processing/Screenshot_0001/Screenshot_0001.bmp
20150930-1531:worker: complete processing/Screenshot_0002/Screenshot_0002.bmp
20150930-1531:worker: complete processing/Screenshot_0000/Screenshot_0000.bmp
20150930-1531:worker: complete processing/Screenshot_0001/Screenshot_0001.bmp
